<?xml version="1.0" encoding="UTF-8"?>
<!-- Generated by org.testng.reporters.JUnitReportReporter -->
<testsuite hostname="DESKTOP-UPLJBLO" failures="0" tests="1" name="rahulshettyacademy.tests.ErrorValidations" time="13.086" errors="0" timestamp="2024-09-25T12:22:40 IST" skipped="0">
  <testcase classname="rahulshettyacademy.tests.ErrorValidations" name="sumbitOrder" time="13.086"/>
</testsuite> <!-- rahulshettyacademy.tests.ErrorValidations -->
