<?xml version="1.0" encoding="UTF-8"?>
<!-- Generated by org.testng.reporters.JUnitReportReporter -->
<testsuite hostname="DESKTOP-UPLJBLO" failures="0" tests="1" name="rahulshettyacademy.tests.ErrorValidationsTest" time="8.006" errors="0" timestamp="2024-10-15T21:38:48 IST" skipped="0">
  <testcase classname="rahulshettyacademy.tests.ErrorValidationsTest" name="ProductErrorValidation" time="8.006"/>
</testsuite> <!-- rahulshettyacademy.tests.ErrorValidationsTest -->
