<?xml version="1.0" encoding="UTF-8"?>
<!-- Generated by org.testng.reporters.JUnitReportReporter -->
<testsuite hostname="DESKTOP-UPLJBLO" failures="0" tests="2" name="rahulshettyacademy.tests.ErrorValidationsTest" time="44.127" errors="0" timestamp="2024-10-22T15:32:36 IST" skipped="0">
  <testcase classname="rahulshettyacademy.tests.ErrorValidationsTest" name="ProductErrorValidation" time="23.418"/>
  <testcase classname="rahulshettyacademy.tests.ErrorValidationsTest" name="LoginErrorValidation" time="20.709"/>
</testsuite> <!-- rahulshettyacademy.tests.ErrorValidationsTest -->
